@echo off
setlocal enabledelayedexpansion

:: Ð†Ð½Ñ„Ð¾Ñ€Ð¼Ð°Ñ†Ñ–Ñ Ð¿Ñ€Ð¾ Ð·Ð±Ñ–Ñ€ÐºÑƒ
echo [BUILD] Starting CI build process
echo [TIME] %date% %time%

:: ÐšÐ¾Ð½Ñ„Ñ–Ð³ÑƒÑ€Ð°Ñ†Ñ–Ñ
set "BUILD_DIR=build"
set "CONFIG=Release"

:: ÐŸÐµÑ€ÐµÐ²Ñ–Ñ€ÐºÐ° CMake
cmake --version >nul 2>&1
if %errorlevel% neq 0 (
    echo [ERROR] CMake is not installed or not in PATH
    exit /b 1
)

:: ÐžÑ‡Ð¸Ñ‰ÐµÐ½Ð½Ñ Ð¿Ð¾Ð¿ÐµÑ€ÐµÐ´Ð½ÑŒÐ¾Ñ— Ð·Ð±Ñ–Ñ€ÐºÐ¸
if exist "%BUILD_DIR%" (
    echo [CLEAN] Removing old build directory
    rmdir /s /q "%BUILD_DIR%"
)

:: Ð¡Ñ‚Ð²Ð¾Ñ€ÐµÐ½Ð½Ñ Ð´Ð¸Ñ€ÐµÐºÑ‚Ð¾Ñ€Ñ–Ñ— Ð·Ð±Ñ–Ñ€ÐºÐ¸
mkdir "%BUILD_DIR%"
cd "%BUILD_DIR%"

:: ÐšÐ¾Ð½Ñ„Ñ–Ð³ÑƒÑ€Ð°Ñ†Ñ–Ñ Ð¿Ñ€Ð¾ÐµÐºÑ‚Ñƒ
echo [CONFIG] Configuring project...
cmake .. -DCMAKE_BUILD_TYPE=%CONFIG%
if !errorlevel! neq 0 goto :error

:: Ð—Ð±Ñ–Ñ€ÐºÐ° Ð¿Ñ€Ð¾ÐµÐºÑ‚Ñƒ
echo [BUILD] Building project...
cmake --build . --config %CONFIG% --parallel 2
if !errorlevel! neq 0 goto :error

:: Ð—Ð°Ð¿ÑƒÑÐº Ñ‚ÐµÑÑ‚Ñ–Ð²
echo [TEST] Running tests...
ctest -C %CONFIG% --output-on-failure
set TEST_EXITCODE=!errorlevel!

:: Ð—Ð²Ñ–Ñ‚ Ð¿Ñ€Ð¾ Ñ€ÐµÐ·ÑƒÐ»ÑŒÑ‚Ð°Ñ‚Ð¸
echo.
if !TEST_EXITCODE! equ 0 (
    echo âœ… BUILD SUCCESSFUL
    echo ðŸ“ Build directory: %CD%
) else (
    echo âŒ SOME TESTS FAILED
)

:: ÐšÐ¾Ð¿Ñ–ÑŽÐ²Ð°Ð½Ð½Ñ Ð°Ñ€Ñ‚ÐµÑ„Ð°ÐºÑ‚Ñ–Ð²
if not exist "..\artifacts" mkdir "..\artifacts"
xcopy /Y /I "*.exe" "..\artifacts\" >nul 2>&1

echo [INFO] Build process completed
endlocal
exit /b %TEST_EXITCODE%

:error
echo [ERROR] Build process failed at step: %ERRORSTEP%
exit /b 1